  main.cpp
main.obj : error LNK2019: unresolved external symbol _ovr_Initialize referenced in function _main
main.obj : error LNK2019: unresolved external symbol _ovr_Shutdown referenced in function __catch$_main$0
main.obj : error LNK2019: unresolved external symbol _ovr_GetHmdDesc referenced in function "public: __thiscall RiftManagerApp::RiftManagerApp(void)" (??0RiftManagerApp@@QAE@XZ)
main.obj : error LNK2019: unresolved external symbol _ovr_Create referenced in function "public: __thiscall RiftManagerApp::RiftManagerApp(void)" (??0RiftManagerApp@@QAE@XZ)
main.obj : error LNK2019: unresolved external symbol _ovr_Destroy referenced in function "public: __thiscall RiftManagerApp::~RiftManagerApp(void)" (??1RiftManagerApp@@QAE@XZ)
main.obj : error LNK2019: unresolved external symbol _ovr_RecenterTrackingOrigin referenced in function "protected: virtual void __thiscall ExampleApp::initGl(void)" (?initGl@ExampleApp@@MAEXXZ)
main.obj : error LNK2019: unresolved external symbol _ovr_GetInputState referenced in function "protected: virtual void __thiscall RiftApp::update(void)" (?update@RiftApp@@MAEXXZ)
main.obj : error LNK2019: unresolved external symbol _ovr_GetTextureSwapChainLength referenced in function "protected: virtual void __thiscall RiftApp::initGl(void)" (?initGl@RiftApp@@MAEXXZ)
main.obj : error LNK2019: unresolved external symbol _ovr_GetTextureSwapChainCurrentIndex referenced in function "protected: virtual void __thiscall RiftApp::draw(void)" (?draw@RiftApp@@MAEXXZ)
main.obj : error LNK2019: unresolved external symbol _ovr_CommitTextureSwapChain referenced in function "protected: virtual void __thiscall RiftApp::draw(void)" (?draw@RiftApp@@MAEXXZ)
main.obj : error LNK2019: unresolved external symbol _ovr_GetFovTextureSize referenced in function "public: void __thiscall <lambda_354e18c4c691760db4b8e0b1f3cb88f3>::operator()(enum ovrEyeType_)const " (??R<lambda_354e18c4c691760db4b8e0b1f3cb88f3>@@QBEXW4ovrEyeType_@@@Z)
main.obj : error LNK2019: unresolved external symbol _ovr_GetRenderDesc referenced in function "public: void __thiscall <lambda_354e18c4c691760db4b8e0b1f3cb88f3>::operator()(enum ovrEyeType_)const " (??R<lambda_354e18c4c691760db4b8e0b1f3cb88f3>@@QBEXW4ovrEyeType_@@@Z)
main.obj : error LNK2019: unresolved external symbol _ovr_SubmitFrame referenced in function "protected: virtual void __thiscall RiftApp::draw(void)" (?draw@RiftApp@@MAEXXZ)
main.obj : error LNK2019: unresolved external symbol _ovrMatrix4f_Projection referenced in function "public: void __thiscall <lambda_354e18c4c691760db4b8e0b1f3cb88f3>::operator()(enum ovrEyeType_)const " (??R<lambda_354e18c4c691760db4b8e0b1f3cb88f3>@@QBEXW4ovrEyeType_@@@Z)
main.obj : error LNK2019: unresolved external symbol _ovr_GetEyePoses referenced in function "protected: virtual void __thiscall RiftApp::draw(void)" (?draw@RiftApp@@MAEXXZ)
main.obj : error LNK2019: unresolved external symbol _ovr_CreateTextureSwapChainGL referenced in function "protected: virtual void __thiscall RiftApp::initGl(void)" (?initGl@RiftApp@@MAEXXZ)
main.obj : error LNK2019: unresolved external symbol _ovr_GetTextureSwapChainBufferGL referenced in function "protected: virtual void __thiscall RiftApp::draw(void)" (?draw@RiftApp@@MAEXXZ)
main.obj : error LNK2019: unresolved external symbol _ovr_CreateMirrorTextureGL referenced in function "protected: virtual void __thiscall RiftApp::initGl(void)" (?initGl@RiftApp@@MAEXXZ)
main.obj : error LNK2019: unresolved external symbol _ovr_GetMirrorTextureBufferGL referenced in function "protected: virtual void __thiscall RiftApp::draw(void)" (?draw@RiftApp@@MAEXXZ)
\\acsnfs4.ucsd.edu\cifshomes\143\cjtin\190\190Project2\Project2\\lib\LibOVR.lib : warning LNK4272: library machine type 'x64' conflicts with target machine type 'X86'
\\acsnfs4.ucsd.edu\cifshomes\143\cjtin\190\190Project2\Project2\Debug\Project2.exe : fatal error LNK1120: 19 unresolved externals
